## 开始执行... 2023-03-14 20:20:51


🔔极速签到免单, 开始!

====================共7个京东账号Cookie=================

============脚本执行时间：2023/3/14 20:20:52=============

>>>>>>>>>>>>>>6Dylan6 提示：任务正常运行中>>>>>>>>>>>>>>>


******开始【京东账号1】1178080609_m*********

脚本也许随时失效,请注意
坚果礼盒 已经签到过了
脚本也许随时失效,请注意

******开始【京东账号2】jd_JSwOngbVqJvL*********

脚本也许随时失效,请注意
32夹晾衣架 已经签到过了
32夹晾衣架 已经签到过了
脚本也许随时失效,请注意

******开始【京东账号3】jd_625e3281b31ca*********

没有需要签到的商品,请到京东极速版[签到免单]购买商品
啥也没买,结束

******开始【京东账号4】jd_4d2a4a1043fd6*********

没有需要签到的商品,请到京东极速版[签到免单]购买商品
啥也没买,结束

******开始【京东账号5】jd_BCOTMkLCiRjV*********

没有需要签到的商品,请到京东极速版[签到免单]购买商品
啥也没买,结束

******开始【京东账号6】jd_6cc96411fe998*********

没有需要签到的商品,请到京东极速版[签到免单]购买商品
啥也没买,结束

******开始【京东账号7】jd_UdFBUuRwgSZz*********

脚本也许随时失效,请注意
家洁客洗衣液1000g 已经签到过了
脚本也许随时失效,请注意
有消息,推送消息

==============📣系统通知📣==============
极速签到免单
结束

🔔极速签到免单, 结束! 🕛 42.798 秒


## 执行结束... 2023-03-14 20:21:34 耗时 43 秒